2026-05-12 09:46:35 - transpoly - INFO - TranspolyPipeline initialized
2026-05-12 09:46:35 - transpoly - INFO - Output directory: /data/srinivab/transpoly/examples/pah_example_run
2026-05-12 09:46:35 - transpoly - INFO - ======================================================================
2026-05-12 09:46:35 - transpoly - INFO -  TRANSPOLY: POLYMER/SALT MD SIMULATION PIPELINE
2026-05-12 09:46:35 - transpoly - INFO - ======================================================================
2026-05-12 09:46:35 - transpoly - INFO - 
[1/6] Parameterization
2026-05-12 09:46:35 - transpoly - INFO - ============================================================
2026-05-12 09:46:35 - transpoly - INFO - PARAMETERIZATION STAGE
2026-05-12 09:46:35 - transpoly - INFO - ============================================================
2026-05-12 09:46:35 - transpoly - INFO - Checkpoint found: /data/srinivab/transpoly/examples/pah_example_run/01_parameterization/pahga_half_gaff2.mol2
2026-05-12 09:46:35 - transpoly - INFO - Skipping: GAFF2 parameterization (checkpoint exists)
2026-05-12 09:46:35 - transpoly - INFO - Checkpoint found: /data/srinivab/transpoly/examples/pah_example_run/01_parameterization/pahga_half.prmtop
2026-05-12 09:46:35 - transpoly - INFO - Skipping: tleap topology building (checkpoint exists)
2026-05-12 09:46:35 - transpoly - INFO - Running: acpype (Amber→GROMACS conversion)
2026-05-12 09:46:35 - transpoly - DEBUG - Command: acpype -p pahga_half.prmtop -x pahga_half.inpcrd -b pahga_half
2026-05-12 09:46:35 - transpoly - DEBUG - CWD: /data/srinivab/transpoly/examples/pah_example_run/01_parameterization
2026-05-12 09:46:35 - transpoly - DEBUG - STDOUT:
============================================================================
| ACPYPE: AnteChamber PYthon Parser interfacE v. 2023.10.27 (c) 2026 AWSdS |
============================================================================
Converting Amber input files to Gromacs ...
==> Writing GROMACS files

==> Disambiguating lower and uppercase atomtypes in GMX top file, even if identical.

==> Writing GMX dihedrals for GMX 4.5 and higher.

Total time of execution: less than a second

2026-05-12 09:46:35 - transpoly - INFO - Parameterization complete:
2026-05-12 09:46:35 - transpoly - INFO -   Coordinates: /data/srinivab/transpoly/examples/pah_example_run/01_parameterization/pahga_half.amb2gmx/pahga_half_GMX.gro
2026-05-12 09:46:35 - transpoly - INFO -   Topology ITP: /data/srinivab/transpoly/examples/pah_example_run/01_parameterization/pahga_half.amb2gmx/pahga_half_GMX.itp
2026-05-12 09:46:35 - transpoly - INFO -   Topology TOP: /data/srinivab/transpoly/examples/pah_example_run/01_parameterization/pahga_half.amb2gmx/pahga_half_GMX.top
2026-05-12 09:46:35 - transpoly - WARNING - Could not infer residue name; using default 'POL'
2026-05-12 09:46:35 - transpoly - INFO - 
[2/6] Packing
2026-05-12 09:46:35 - transpoly - INFO - ============================================================
2026-05-12 09:46:35 - transpoly - INFO - PACKING STAGE
2026-05-12 09:46:35 - transpoly - INFO - ============================================================
2026-05-12 09:46:35 - transpoly - INFO - Using specified chain count: 50
2026-05-12 09:46:35 - transpoly - INFO - Checkpoint found: /data/srinivab/transpoly/examples/pah_example_run/02_packing/packed_box.pdb
2026-05-12 09:46:35 - transpoly - INFO - Skipping: Packmol packing (50 chains) (checkpoint exists)
2026-05-12 09:46:35 - transpoly - INFO - Packing complete: /data/srinivab/transpoly/examples/pah_example_run/02_packing/packed_box.pdb
2026-05-12 09:46:35 - transpoly - INFO - 
[3/6] GROMACS Preparation
2026-05-12 09:46:35 - transpoly - INFO - ============================================================
2026-05-12 09:46:35 - transpoly - INFO - GROMACS PREPARATION STAGE
2026-05-12 09:46:35 - transpoly - INFO - ============================================================
2026-05-12 09:46:35 - transpoly - INFO - Checkpoint found: /data/srinivab/transpoly/examples/pah_example_run/03_gromacs_prep/em_sd.mdp
2026-05-12 09:46:35 - transpoly - INFO - Skipping: Generate MDP files (checkpoint exists)
2026-05-12 09:46:35 - transpoly - INFO - Checkpoint found: /data/srinivab/transpoly/examples/pah_example_run/03_gromacs_prep/POLY.itp
2026-05-12 09:46:35 - transpoly - INFO - Skipping: Create polymer ITP with posre (checkpoint exists)
2026-05-12 09:46:35 - transpoly - INFO - GROMACS prep complete
2026-05-12 09:46:35 - transpoly - INFO - 
[4/6] Solvation & Ionization
2026-05-12 09:46:35 - transpoly - INFO - ============================================================
2026-05-12 09:46:35 - transpoly - INFO - SOLVATION & IONIZATION STAGE
2026-05-12 09:46:35 - transpoly - INFO - ============================================================
2026-05-12 09:46:35 - transpoly - INFO - Checkpoint found: /data/srinivab/transpoly/examples/pah_example_run/04_solvation/system.gro
2026-05-12 09:46:35 - transpoly - INFO - Skipping: Convert packed PDB to GRO (checkpoint exists)
2026-05-12 09:46:35 - transpoly - INFO - Adding ions: K+ (10), Cl- (15)
2026-05-12 09:46:35 - transpoly - INFO - Checkpoint found: /data/srinivab/transpoly/examples/pah_example_run/04_solvation/system_k.gro
2026-05-12 09:46:35 - transpoly - INFO - Skipping: Add K+ ions (checkpoint exists)
2026-05-12 09:46:35 - transpoly - INFO - Checkpoint found: /data/srinivab/transpoly/examples/pah_example_run/04_solvation/system_kcl.gro
2026-05-12 09:46:35 - transpoly - INFO - Skipping: Add Cl- ions (checkpoint exists)
2026-05-12 09:46:35 - transpoly - INFO - Created ionized topology: /data/srinivab/transpoly/examples/pah_example_run/04_solvation/topol_ions.top
2026-05-12 09:46:35 - transpoly - INFO - Checkpoint found: /data/srinivab/transpoly/examples/pah_example_run/04_solvation/solvated.gro
2026-05-12 09:46:35 - transpoly - INFO - Skipping: Solvate with TIP4P (checkpoint exists)
2026-05-12 09:46:35 - transpoly - INFO - Updated topology with SOL 686
2026-05-12 09:46:35 - transpoly - INFO - Solvation complete
2026-05-12 09:46:35 - transpoly - INFO - 
[5/6] Equilibration
2026-05-12 09:46:35 - transpoly - INFO - ============================================================
2026-05-12 09:46:35 - transpoly - INFO - EQUILIBRATION STAGE
2026-05-12 09:46:35 - transpoly - INFO - ============================================================
2026-05-12 09:46:35 - transpoly - INFO - Checkpoint found: /data/srinivab/transpoly/examples/pah_example_run/05_equilibration/em_sd.gro
2026-05-12 09:46:35 - transpoly - INFO - Skipping: Steepest descent minimization (checkpoint exists)
2026-05-12 09:46:35 - transpoly - INFO - Checkpoint found: /data/srinivab/transpoly/examples/pah_example_run/05_equilibration/em_cg.gro
2026-05-12 09:46:35 - transpoly - INFO - Skipping: Conjugate gradient minimization (checkpoint exists)
2026-05-12 09:46:35 - transpoly - INFO - Checkpoint found: /data/srinivab/transpoly/examples/pah_example_run/05_equilibration/nvt_berendsen.gro
2026-05-12 09:46:35 - transpoly - INFO - Skipping: NVT Berendsen equilibration (checkpoint exists)
2026-05-12 09:46:35 - transpoly - INFO - Checkpoint found: /data/srinivab/transpoly/examples/pah_example_run/05_equilibration/nvt_vrescale.gro
2026-05-12 09:46:35 - transpoly - INFO - Skipping: NVT v-rescale equilibration (checkpoint exists)
2026-05-12 09:46:35 - transpoly - INFO - Checkpoint found: /data/srinivab/transpoly/examples/pah_example_run/05_equilibration/npt_berendsen.gro
2026-05-12 09:46:35 - transpoly - INFO - Skipping: NPT Berendsen equilibration (checkpoint exists)
2026-05-12 09:46:35 - transpoly - INFO - Checkpoint found: /data/srinivab/transpoly/examples/pah_example_run/05_equilibration/npt_crescale.gro
2026-05-12 09:46:35 - transpoly - INFO - Skipping: NPT C-rescale equilibration (checkpoint exists)
2026-05-12 09:46:35 - transpoly - INFO - Running: Extract density
2026-05-12 09:46:35 - transpoly - DEBUG - Command: printf 'Density\n0\n' | gmx_mpi energy -f npt_crescale.edr -o npt_density.xvg
2026-05-12 09:46:35 - transpoly - DEBUG - CWD: /data/srinivab/transpoly/examples/pah_example_run/05_equilibration
2026-05-12 09:46:36 - transpoly - DEBUG - STDOUT:

Statistics over 500001 steps [ 0.0000 through 500.0000 ps ], 1 data sets
All statistics are over 5001 points

Energy                      Average   Err.Est.       RMSD  Tot-Drift
-------------------------------------------------------------------------------
Density                     1058.88       0.35    3.78135    -1.5016  (kg/m^3)

2026-05-12 09:46:36 - transpoly - DEBUG - STDERR:
                :-) GROMACS - gmx energy, 2025.4-conda_forge (-:

Executable:   /data/srinivab/miniconda/envs/ambertools/bin.AVX2_256/gmx_mpi
Data prefix:  /data/srinivab/miniconda/envs/ambertools
Working dir:  /data/srinivab/transpoly/examples/pah_example_run/05_equilibration
Command line:
  gmx_mpi energy -f npt_crescale.edr -o npt_density.xvg

Opened npt_crescale.edr as single precision energy file

Select the terms you want from the following list by
selecting either (part of) the name or the number or a combination.
End your selection with an empty line or a zero.
-------------------------------------------------------------------
  1  Bond             2  Angle            3  Proper-Dih.      4  Per.-Imp.-Dih.
  5  LJ-14            6  Coulomb-14       7  LJ-(SR)          8  Disper.-corr. 
  9  Coulomb-(SR)    10  Coul.-recip.    11  Potential       12  Kinetic-En.   
 13  Total-Energy    14  Conserved-En.   15  Temperature     16  Pres.-DC      
 17  Pressure        18  Constr.-rmsd    19  Box-X           20  Box-Y         
 21  Box-Z           22  Volume          23  Density         24  pV            
 25  Enthalpy        26  Vir-XX          27  Vir-XY          28  Vir-XZ        
 29  Vir-YX          30  Vir-YY          31  Vir-YZ          32  Vir-ZX        
 33  Vir-ZY          34  Vir-ZZ          35  Pres-XX         36  Pres-XY       
 37  Pres-XZ         38  Pres-YX         39  Pres-YY         40  Pres-YZ       
 41  Pres-ZX         42  Pres-ZY         43  Pres-ZZ         44  #Surf*SurfTen 
 45  T-System        46  Lamb-System   


Back Off! I just backed up npt_density.xvg to ./#npt_density.xvg.4#

Reading energy frame      0 time    0.000         
Reading energy frame      1 time    0.500         
Reading energy frame      2 time    1.000         
Reading energy frame      3 time    1.500         
Reading energy frame      4 time    2.000         
Reading energy frame      5 time    2.500         
Reading energy frame      6 time    3.000         
Reading energy frame      7 time    3.500         
Reading energy frame      8 time    4.000         
Reading energy frame      9 time    4.500         
Reading energy frame     10 time    5.000         
Reading energy frame     11 time    5.500         
Reading energy frame     12 time    6.000         
Reading energy frame     13 time    6.500         
Reading energy frame     14 time    7.000         
Reading energy frame     15 time    7.500         
Reading energy frame     16 time    8.000         
Reading energy frame     17 time    8.500         
Reading energy frame     18 time    9.000         
Reading energy frame     19 time    9.500         
Reading energy frame     20 time   10.000         
Reading energy frame     30 time   15.000         
Reading energy frame     40 time   20.000         
Reading energy frame     50 time   25.000         
Reading energy frame     60 time   30.000         
Reading energy frame     70 time   35.000         
Reading energy frame     80 time   40.000         
Reading energy frame     90 time   45.000         
Reading energy frame    100 time   50.000         
Reading energy frame    110 time   55.000         
Reading energy frame    120 time   60.000         
Reading energy frame    130 time   65.000         
Reading energy frame    140 time   70.000         
Reading energy frame    150 time   75.000         
Reading energy frame    160 time   80.000         
Reading energy frame    170 time   85.000         
Reading energy frame    180 time   90.000         
Reading energy frame    190 time   95.000         
Reading energy frame    200 time  100.000         
Reading energy frame    300 time  150.000         
Reading energy frame    400 time  200.000         
Reading energy frame    500 time  250.000         
Reading energy frame    600 time  300.000         
Reading energy frame    700 time  350.000         
Reading energy frame    800 time  400.000         
Reading energy frame    900 time  450.000         
Reading energy frame   1000 time  500.000         
Last energy frame read 1000 time  500.000         

GROMACS reminds you: "A Pretty Village Burning Makes a Pretty Fire" (David Sandstrom)


2026-05-12 09:46:36 - transpoly - INFO - Final density: 1059.92 kg/m³
2026-05-12 09:46:36 - transpoly - INFO - Equilibration complete: /data/srinivab/transpoly/examples/pah_example_run/05_equilibration/npt_crescale.gro
2026-05-12 09:46:36 - transpoly - INFO - 
[6/6] Production MD
2026-05-12 09:46:36 - transpoly - INFO - ============================================================
2026-05-12 09:46:36 - transpoly - INFO - PRODUCTION MD STAGE (10 ns NVT)
2026-05-12 09:46:36 - transpoly - INFO - ============================================================
2026-05-12 09:46:36 - transpoly - INFO - Checkpoint found: /data/srinivab/transpoly/examples/pah_example_run/06_production/nvt_prod.gro
2026-05-12 09:46:36 - transpoly - INFO - Skipping: 10 ns NVT production (checkpoint exists)
2026-05-12 09:46:36 - transpoly - INFO - Production complete: /data/srinivab/transpoly/examples/pah_example_run/06_production/nvt_prod.gro
2026-05-12 09:46:36 - transpoly - INFO - 
[7/7] Analysis
2026-05-12 09:46:37 - transpoly - INFO - ============================================================
2026-05-12 09:46:37 - transpoly - INFO - ANALYSIS STAGE
2026-05-12 09:46:37 - transpoly - INFO - ============================================================
2026-05-12 09:46:37 - transpoly - INFO - Running: Center trajectory on polymer
2026-05-12 09:46:37 - transpoly - INFO -   Command: printf 'Protein
System
' | gmx_mpi trjconv -f nvt_prod.xtc -s nvt_prod.tpr -center -o nvt_prod_center.xtc -pbc none
2026-05-12 09:46:38 - transpoly - WARNING -   Warning: Command returned exit code 1
2026-05-12 09:46:38 - transpoly - WARNING -   stderr: --------------------------------------------------------------------------
WARNING: Open MPI will create a shared memory backing file in a
directory that appears to be mounted on a network filesystem.
2026-05-12 09:46:38 - transpoly - WARNING - Could not center trajectory; continuing anyway
2026-05-12 09:46:38 - transpoly - INFO - Trajectory cleaning complete
2026-05-12 09:46:38 - transpoly - INFO - Using trajectory for MSD: nvt_prod_clean.xtc
2026-05-12 09:46:38 - transpoly - INFO -   Loaded MSD: 1001 time points for K+
2026-05-12 09:46:38 - transpoly - INFO -   Loaded MSD: 1001 time points for Cl+
2026-05-12 09:46:38 - transpoly - INFO - MSD linear fit: slope=0.0002, R²=0.8428
2026-05-12 09:46:38 - transpoly - INFO - Diffusivity from MSD: 4.0185e-05 nm²/ps
2026-05-12 09:46:38 - transpoly - INFO - MSD linear fit: slope=0.0002, R²=0.9327
2026-05-12 09:46:38 - transpoly - INFO - Diffusivity from MSD: 2.9392e-05 nm²/ps
2026-05-12 09:46:39 - transpoly - INFO - Saved: msd_ions.png
2026-05-12 09:46:39 - transpoly - INFO -   Loaded RDF: 149 distance points for K-Water
2026-05-12 09:46:39 - transpoly - INFO -   Loaded RDF: 149 distance points for Cl-Water
2026-05-12 09:46:39 - transpoly - INFO - Saved: rdf_ions.png
2026-05-12 09:46:39 - transpoly - INFO - Wrote diffusivity summary: /data/srinivab/transpoly/examples/pah_example_run/07_analysis/diffusivity_summary.txt
2026-05-12 09:46:39 - transpoly - INFO - Analysis complete
2026-05-12 09:46:39 - transpoly - INFO - 
======================================================================
2026-05-12 09:46:39 - transpoly - INFO - PIPELINE COMPLETED SUCCESSFULLY
2026-05-12 09:46:39 - transpoly - INFO - ======================================================================
2026-05-12 09:46:39 - transpoly - INFO - Results in: /data/srinivab/transpoly/examples/pah_example_run
2026-05-12 09:49:45 - transpoly - INFO - TranspolyPipeline initialized
2026-05-12 09:49:45 - transpoly - INFO - Output directory: /data/srinivab/transpoly/examples/pah_example_run
2026-05-12 09:49:45 - transpoly - INFO - ======================================================================
2026-05-12 09:49:45 - transpoly - INFO -  TRANSPOLY: POLYMER/SALT MD SIMULATION PIPELINE
2026-05-12 09:49:45 - transpoly - INFO - ======================================================================
2026-05-12 09:49:45 - transpoly - INFO - 
[1/6] Parameterization
2026-05-12 09:49:45 - transpoly - INFO - ============================================================
2026-05-12 09:49:45 - transpoly - INFO - PARAMETERIZATION STAGE
2026-05-12 09:49:45 - transpoly - INFO - ============================================================
2026-05-12 09:49:45 - transpoly - INFO - Checkpoint found: /data/srinivab/transpoly/examples/pah_example_run/01_parameterization/pahga_half_gaff2.mol2
2026-05-12 09:49:45 - transpoly - INFO - Skipping: GAFF2 parameterization (checkpoint exists)
2026-05-12 09:49:45 - transpoly - INFO - Checkpoint found: /data/srinivab/transpoly/examples/pah_example_run/01_parameterization/pahga_half.prmtop
2026-05-12 09:49:45 - transpoly - INFO - Skipping: tleap topology building (checkpoint exists)
2026-05-12 09:49:45 - transpoly - INFO - Running: acpype (Amber→GROMACS conversion)
2026-05-12 09:49:45 - transpoly - DEBUG - Command: acpype -p pahga_half.prmtop -x pahga_half.inpcrd -b pahga_half
2026-05-12 09:49:45 - transpoly - DEBUG - CWD: /data/srinivab/transpoly/examples/pah_example_run/01_parameterization
2026-05-12 09:49:45 - transpoly - DEBUG - STDOUT:
============================================================================
| ACPYPE: AnteChamber PYthon Parser interfacE v. 2023.10.27 (c) 2026 AWSdS |
============================================================================
Converting Amber input files to Gromacs ...
==> Writing GROMACS files

==> Disambiguating lower and uppercase atomtypes in GMX top file, even if identical.

==> Writing GMX dihedrals for GMX 4.5 and higher.

Total time of execution: less than a second

2026-05-12 09:49:45 - transpoly - INFO - Parameterization complete:
2026-05-12 09:49:45 - transpoly - INFO -   Coordinates: /data/srinivab/transpoly/examples/pah_example_run/01_parameterization/pahga_half.amb2gmx/pahga_half_GMX.gro
2026-05-12 09:49:45 - transpoly - INFO -   Topology ITP: /data/srinivab/transpoly/examples/pah_example_run/01_parameterization/pahga_half.amb2gmx/pahga_half_GMX.itp
2026-05-12 09:49:45 - transpoly - INFO -   Topology TOP: /data/srinivab/transpoly/examples/pah_example_run/01_parameterization/pahga_half.amb2gmx/pahga_half_GMX.top
2026-05-12 09:49:45 - transpoly - WARNING - Could not infer residue name; using default 'POL'
2026-05-12 09:49:45 - transpoly - INFO - 
[2/6] Packing
2026-05-12 09:49:45 - transpoly - INFO - ============================================================
2026-05-12 09:49:45 - transpoly - INFO - PACKING STAGE
2026-05-12 09:49:45 - transpoly - INFO - ============================================================
2026-05-12 09:49:45 - transpoly - INFO - Using specified chain count: 50
2026-05-12 09:49:45 - transpoly - INFO - Checkpoint found: /data/srinivab/transpoly/examples/pah_example_run/02_packing/packed_box.pdb
2026-05-12 09:49:45 - transpoly - INFO - Skipping: Packmol packing (50 chains) (checkpoint exists)
2026-05-12 09:49:45 - transpoly - INFO - Packing complete: /data/srinivab/transpoly/examples/pah_example_run/02_packing/packed_box.pdb
2026-05-12 09:49:45 - transpoly - INFO - 
[3/6] GROMACS Preparation
2026-05-12 09:49:45 - transpoly - INFO - ============================================================
2026-05-12 09:49:45 - transpoly - INFO - GROMACS PREPARATION STAGE
2026-05-12 09:49:45 - transpoly - INFO - ============================================================
2026-05-12 09:49:45 - transpoly - INFO - Checkpoint found: /data/srinivab/transpoly/examples/pah_example_run/03_gromacs_prep/em_sd.mdp
2026-05-12 09:49:45 - transpoly - INFO - Skipping: Generate MDP files (checkpoint exists)
2026-05-12 09:49:45 - transpoly - INFO - Checkpoint found: /data/srinivab/transpoly/examples/pah_example_run/03_gromacs_prep/POLY.itp
2026-05-12 09:49:45 - transpoly - INFO - Skipping: Create polymer ITP with posre (checkpoint exists)
2026-05-12 09:49:45 - transpoly - INFO - GROMACS prep complete
2026-05-12 09:49:45 - transpoly - INFO - 
[4/6] Solvation & Ionization
2026-05-12 09:49:45 - transpoly - INFO - ============================================================
2026-05-12 09:49:45 - transpoly - INFO - SOLVATION & IONIZATION STAGE
2026-05-12 09:49:45 - transpoly - INFO - ============================================================
2026-05-12 09:49:45 - transpoly - INFO - Checkpoint found: /data/srinivab/transpoly/examples/pah_example_run/04_solvation/system.gro
2026-05-12 09:49:45 - transpoly - INFO - Skipping: Convert packed PDB to GRO (checkpoint exists)
2026-05-12 09:49:45 - transpoly - INFO - Adding ions: K+ (10), Cl- (15)
2026-05-12 09:49:45 - transpoly - INFO - Checkpoint found: /data/srinivab/transpoly/examples/pah_example_run/04_solvation/system_k.gro
2026-05-12 09:49:45 - transpoly - INFO - Skipping: Add K+ ions (checkpoint exists)
2026-05-12 09:49:45 - transpoly - INFO - Checkpoint found: /data/srinivab/transpoly/examples/pah_example_run/04_solvation/system_kcl.gro
2026-05-12 09:49:45 - transpoly - INFO - Skipping: Add Cl- ions (checkpoint exists)
2026-05-12 09:49:45 - transpoly - INFO - Created ionized topology: /data/srinivab/transpoly/examples/pah_example_run/04_solvation/topol_ions.top
2026-05-12 09:49:45 - transpoly - INFO - Checkpoint found: /data/srinivab/transpoly/examples/pah_example_run/04_solvation/solvated.gro
2026-05-12 09:49:45 - transpoly - INFO - Skipping: Solvate with TIP4P (checkpoint exists)
2026-05-12 09:49:45 - transpoly - INFO - Updated topology with SOL 686
2026-05-12 09:49:45 - transpoly - INFO - Solvation complete
2026-05-12 09:49:45 - transpoly - INFO - 
[5/6] Equilibration
2026-05-12 09:49:45 - transpoly - INFO - ============================================================
2026-05-12 09:49:45 - transpoly - INFO - EQUILIBRATION STAGE
2026-05-12 09:49:45 - transpoly - INFO - ============================================================
2026-05-12 09:49:45 - transpoly - INFO - Checkpoint found: /data/srinivab/transpoly/examples/pah_example_run/05_equilibration/em_sd.gro
2026-05-12 09:49:45 - transpoly - INFO - Skipping: Steepest descent minimization (checkpoint exists)
2026-05-12 09:49:45 - transpoly - INFO - Checkpoint found: /data/srinivab/transpoly/examples/pah_example_run/05_equilibration/em_cg.gro
2026-05-12 09:49:45 - transpoly - INFO - Skipping: Conjugate gradient minimization (checkpoint exists)
2026-05-12 09:49:45 - transpoly - INFO - Checkpoint found: /data/srinivab/transpoly/examples/pah_example_run/05_equilibration/nvt_berendsen.gro
2026-05-12 09:49:45 - transpoly - INFO - Skipping: NVT Berendsen equilibration (checkpoint exists)
2026-05-12 09:49:45 - transpoly - INFO - Checkpoint found: /data/srinivab/transpoly/examples/pah_example_run/05_equilibration/nvt_vrescale.gro
2026-05-12 09:49:45 - transpoly - INFO - Skipping: NVT v-rescale equilibration (checkpoint exists)
2026-05-12 09:49:45 - transpoly - INFO - Checkpoint found: /data/srinivab/transpoly/examples/pah_example_run/05_equilibration/npt_berendsen.gro
2026-05-12 09:49:45 - transpoly - INFO - Skipping: NPT Berendsen equilibration (checkpoint exists)
2026-05-12 09:49:45 - transpoly - INFO - Checkpoint found: /data/srinivab/transpoly/examples/pah_example_run/05_equilibration/npt_crescale.gro
2026-05-12 09:49:45 - transpoly - INFO - Skipping: NPT C-rescale equilibration (checkpoint exists)
2026-05-12 09:49:45 - transpoly - INFO - Running: Extract density
2026-05-12 09:49:45 - transpoly - DEBUG - Command: printf 'Density\n0\n' | gmx_mpi energy -f npt_crescale.edr -o npt_density.xvg
2026-05-12 09:49:45 - transpoly - DEBUG - CWD: /data/srinivab/transpoly/examples/pah_example_run/05_equilibration
2026-05-12 09:49:47 - transpoly - DEBUG - STDOUT:

Statistics over 500001 steps [ 0.0000 through 500.0000 ps ], 1 data sets
All statistics are over 5001 points

Energy                      Average   Err.Est.       RMSD  Tot-Drift
-------------------------------------------------------------------------------
Density                     1058.88       0.35    3.78135    -1.5016  (kg/m^3)

2026-05-12 09:49:47 - transpoly - DEBUG - STDERR:
                :-) GROMACS - gmx energy, 2025.4-conda_forge (-:

Executable:   /data/srinivab/miniconda/envs/ambertools/bin.AVX2_256/gmx_mpi
Data prefix:  /data/srinivab/miniconda/envs/ambertools
Working dir:  /data/srinivab/transpoly/examples/pah_example_run/05_equilibration
Command line:
  gmx_mpi energy -f npt_crescale.edr -o npt_density.xvg

Opened npt_crescale.edr as single precision energy file

Select the terms you want from the following list by
selecting either (part of) the name or the number or a combination.
End your selection with an empty line or a zero.
-------------------------------------------------------------------
  1  Bond             2  Angle            3  Proper-Dih.      4  Per.-Imp.-Dih.
  5  LJ-14            6  Coulomb-14       7  LJ-(SR)          8  Disper.-corr. 
  9  Coulomb-(SR)    10  Coul.-recip.    11  Potential       12  Kinetic-En.   
 13  Total-Energy    14  Conserved-En.   15  Temperature     16  Pres.-DC      
 17  Pressure        18  Constr.-rmsd    19  Box-X           20  Box-Y         
 21  Box-Z           22  Volume          23  Density         24  pV            
 25  Enthalpy        26  Vir-XX          27  Vir-XY          28  Vir-XZ        
 29  Vir-YX          30  Vir-YY          31  Vir-YZ          32  Vir-ZX        
 33  Vir-ZY          34  Vir-ZZ          35  Pres-XX         36  Pres-XY       
 37  Pres-XZ         38  Pres-YX         39  Pres-YY         40  Pres-YZ       
 41  Pres-ZX         42  Pres-ZY         43  Pres-ZZ         44  #Surf*SurfTen 
 45  T-System        46  Lamb-System   


Back Off! I just backed up npt_density.xvg to ./#npt_density.xvg.5#

Reading energy frame      0 time    0.000         
Reading energy frame      1 time    0.500         
Reading energy frame      2 time    1.000         
Reading energy frame      3 time    1.500         
Reading energy frame      4 time    2.000         
Reading energy frame      5 time    2.500         
Reading energy frame      6 time    3.000         
Reading energy frame      7 time    3.500         
Reading energy frame      8 time    4.000         
Reading energy frame      9 time    4.500         
Reading energy frame     10 time    5.000         
Reading energy frame     11 time    5.500         
Reading energy frame     12 time    6.000         
Reading energy frame     13 time    6.500         
Reading energy frame     14 time    7.000         
Reading energy frame     15 time    7.500         
Reading energy frame     16 time    8.000         
Reading energy frame     17 time    8.500         
Reading energy frame     18 time    9.000         
Reading energy frame     19 time    9.500         
Reading energy frame     20 time   10.000         
Reading energy frame     30 time   15.000         
Reading energy frame     40 time   20.000         
Reading energy frame     50 time   25.000         
Reading energy frame     60 time   30.000         
Reading energy frame     70 time   35.000         
Reading energy frame     80 time   40.000         
Reading energy frame     90 time   45.000         
Reading energy frame    100 time   50.000         
Reading energy frame    110 time   55.000         
Reading energy frame    120 time   60.000         
Reading energy frame    130 time   65.000         
Reading energy frame    140 time   70.000         
Reading energy frame    150 time   75.000         
Reading energy frame    160 time   80.000         
Reading energy frame    170 time   85.000         
Reading energy frame    180 time   90.000         
Reading energy frame    190 time   95.000         
Reading energy frame    200 time  100.000         
Reading energy frame    300 time  150.000         
Reading energy frame    400 time  200.000         
Reading energy frame    500 time  250.000         
Reading energy frame    600 time  300.000         
Reading energy frame    700 time  350.000         
Reading energy frame    800 time  400.000         
Reading energy frame    900 time  450.000         
Reading energy frame   1000 time  500.000         
Last energy frame read 1000 time  500.000         

GROMACS reminds you: "Humbug! Most things free-born will submit to anything for a salary" (Mr. Rochester in Jane Eyre by Charlotte Bronte)


2026-05-12 09:49:47 - transpoly - INFO - Final density: 1059.92 kg/m³
2026-05-12 09:49:47 - transpoly - INFO - Equilibration complete: /data/srinivab/transpoly/examples/pah_example_run/05_equilibration/npt_crescale.gro
2026-05-12 09:49:47 - transpoly - INFO - 
[6/6] Production MD
2026-05-12 09:49:47 - transpoly - INFO - ============================================================
2026-05-12 09:49:47 - transpoly - INFO - PRODUCTION MD STAGE (10 ns NVT)
2026-05-12 09:49:47 - transpoly - INFO - ============================================================
2026-05-12 09:49:47 - transpoly - INFO - Checkpoint found: /data/srinivab/transpoly/examples/pah_example_run/06_production/nvt_prod.gro
2026-05-12 09:49:47 - transpoly - INFO - Skipping: 10 ns NVT production (checkpoint exists)
2026-05-12 09:49:47 - transpoly - INFO - Production complete: /data/srinivab/transpoly/examples/pah_example_run/06_production/nvt_prod.gro
2026-05-12 09:49:47 - transpoly - INFO - 
[7/7] Analysis
2026-05-12 09:49:47 - transpoly - INFO - ============================================================
2026-05-12 09:49:47 - transpoly - INFO - ANALYSIS STAGE
2026-05-12 09:49:47 - transpoly - INFO - ============================================================
2026-05-12 09:49:47 - transpoly - WARNING - prod.edr not found, skipping energy analysis
2026-05-12 09:49:47 - transpoly - INFO - Running: Center trajectory on polymer
2026-05-12 09:49:47 - transpoly - INFO -   Command: printf 'Protein
System
' | gmx_mpi trjconv -f nvt_prod.xtc -s nvt_prod.tpr -center -o nvt_prod_center.xtc -pbc none
2026-05-12 09:49:49 - transpoly - WARNING -   Warning: Command returned exit code 1
2026-05-12 09:49:49 - transpoly - WARNING -   stderr: --------------------------------------------------------------------------
WARNING: Open MPI will create a shared memory backing file in a
directory that appears to be mounted on a network filesystem.
2026-05-12 09:49:49 - transpoly - WARNING - Could not center trajectory; continuing anyway
2026-05-12 09:49:49 - transpoly - INFO - Trajectory cleaning complete
2026-05-12 09:49:49 - transpoly - INFO - Using trajectory for MSD: nvt_prod_clean.xtc
2026-05-12 09:49:49 - transpoly - INFO -   Loaded MSD: 1001 time points for K+
2026-05-12 09:49:49 - transpoly - INFO -   Loaded MSD: 1001 time points for Cl+
2026-05-12 09:49:49 - transpoly - INFO - MSD linear fit: slope=0.0002, R²=0.8428
2026-05-12 09:49:49 - transpoly - INFO - Diffusivity from MSD: 4.0185e-05 nm²/ps
2026-05-12 09:49:49 - transpoly - INFO - MSD linear fit: slope=0.0002, R²=0.9327
2026-05-12 09:49:49 - transpoly - INFO - Diffusivity from MSD: 2.9392e-05 nm²/ps
2026-05-12 09:49:49 - transpoly - INFO - Saved: msd_ions.png
2026-05-12 09:49:49 - transpoly - INFO -   Loaded RDF: 149 distance points for K-Water
2026-05-12 09:49:49 - transpoly - INFO -   Loaded RDF: 149 distance points for Cl-Water
2026-05-12 09:49:49 - transpoly - INFO - Saved: rdf_ions.png
2026-05-12 09:49:49 - transpoly - INFO - Wrote diffusivity summary: /data/srinivab/transpoly/examples/pah_example_run/07_analysis/diffusivity_summary.txt
2026-05-12 09:49:49 - transpoly - INFO - Analysis complete
2026-05-12 09:49:49 - transpoly - INFO - 
======================================================================
2026-05-12 09:49:49 - transpoly - INFO - PIPELINE COMPLETED SUCCESSFULLY
2026-05-12 09:49:49 - transpoly - INFO - ======================================================================
2026-05-12 09:49:49 - transpoly - INFO - Results in: /data/srinivab/transpoly/examples/pah_example_run
2026-05-12 09:51:28 - transpoly - INFO - TranspolyPipeline initialized
2026-05-12 09:51:28 - transpoly - INFO - Output directory: /data/srinivab/transpoly/examples/pah_example_run
2026-05-12 09:51:28 - transpoly - INFO - ======================================================================
2026-05-12 09:51:28 - transpoly - INFO -  TRANSPOLY: POLYMER/SALT MD SIMULATION PIPELINE
2026-05-12 09:51:28 - transpoly - INFO - ======================================================================
2026-05-12 09:51:28 - transpoly - INFO - 
[1/6] Parameterization
2026-05-12 09:51:28 - transpoly - INFO - ============================================================
2026-05-12 09:51:28 - transpoly - INFO - PARAMETERIZATION STAGE
2026-05-12 09:51:28 - transpoly - INFO - ============================================================
2026-05-12 09:51:28 - transpoly - INFO - Checkpoint found: /data/srinivab/transpoly/examples/pah_example_run/01_parameterization/pahga_half_gaff2.mol2
2026-05-12 09:51:28 - transpoly - INFO - Skipping: GAFF2 parameterization (checkpoint exists)
2026-05-12 09:51:28 - transpoly - INFO - Checkpoint found: /data/srinivab/transpoly/examples/pah_example_run/01_parameterization/pahga_half.prmtop
2026-05-12 09:51:28 - transpoly - INFO - Skipping: tleap topology building (checkpoint exists)
2026-05-12 09:51:28 - transpoly - INFO - Running: acpype (Amber→GROMACS conversion)
2026-05-12 09:51:28 - transpoly - DEBUG - Command: acpype -p pahga_half.prmtop -x pahga_half.inpcrd -b pahga_half
2026-05-12 09:51:28 - transpoly - DEBUG - CWD: /data/srinivab/transpoly/examples/pah_example_run/01_parameterization
2026-05-12 09:51:28 - transpoly - DEBUG - STDOUT:
============================================================================
| ACPYPE: AnteChamber PYthon Parser interfacE v. 2023.10.27 (c) 2026 AWSdS |
============================================================================
Converting Amber input files to Gromacs ...
==> Writing GROMACS files

==> Disambiguating lower and uppercase atomtypes in GMX top file, even if identical.

==> Writing GMX dihedrals for GMX 4.5 and higher.

Total time of execution: less than a second

2026-05-12 09:51:28 - transpoly - INFO - Parameterization complete:
2026-05-12 09:51:28 - transpoly - INFO -   Coordinates: /data/srinivab/transpoly/examples/pah_example_run/01_parameterization/pahga_half.amb2gmx/pahga_half_GMX.gro
2026-05-12 09:51:28 - transpoly - INFO -   Topology ITP: /data/srinivab/transpoly/examples/pah_example_run/01_parameterization/pahga_half.amb2gmx/pahga_half_GMX.itp
2026-05-12 09:51:28 - transpoly - INFO -   Topology TOP: /data/srinivab/transpoly/examples/pah_example_run/01_parameterization/pahga_half.amb2gmx/pahga_half_GMX.top
2026-05-12 09:51:28 - transpoly - WARNING - Could not infer residue name; using default 'POL'
2026-05-12 09:51:28 - transpoly - INFO - 
[2/6] Packing
2026-05-12 09:51:28 - transpoly - INFO - ============================================================
2026-05-12 09:51:28 - transpoly - INFO - PACKING STAGE
2026-05-12 09:51:28 - transpoly - INFO - ============================================================
2026-05-12 09:51:28 - transpoly - INFO - Using specified chain count: 50
2026-05-12 09:51:28 - transpoly - INFO - Checkpoint found: /data/srinivab/transpoly/examples/pah_example_run/02_packing/packed_box.pdb
2026-05-12 09:51:28 - transpoly - INFO - Skipping: Packmol packing (50 chains) (checkpoint exists)
2026-05-12 09:51:28 - transpoly - INFO - Packing complete: /data/srinivab/transpoly/examples/pah_example_run/02_packing/packed_box.pdb
2026-05-12 09:51:28 - transpoly - INFO - 
[3/6] GROMACS Preparation
2026-05-12 09:51:28 - transpoly - INFO - ============================================================
2026-05-12 09:51:28 - transpoly - INFO - GROMACS PREPARATION STAGE
2026-05-12 09:51:28 - transpoly - INFO - ============================================================
2026-05-12 09:51:28 - transpoly - INFO - Checkpoint found: /data/srinivab/transpoly/examples/pah_example_run/03_gromacs_prep/em_sd.mdp
2026-05-12 09:51:28 - transpoly - INFO - Skipping: Generate MDP files (checkpoint exists)
2026-05-12 09:51:28 - transpoly - INFO - Checkpoint found: /data/srinivab/transpoly/examples/pah_example_run/03_gromacs_prep/POLY.itp
2026-05-12 09:51:28 - transpoly - INFO - Skipping: Create polymer ITP with posre (checkpoint exists)
2026-05-12 09:51:28 - transpoly - INFO - GROMACS prep complete
2026-05-12 09:51:28 - transpoly - INFO - 
[4/6] Solvation & Ionization
2026-05-12 09:51:28 - transpoly - INFO - ============================================================
2026-05-12 09:51:28 - transpoly - INFO - SOLVATION & IONIZATION STAGE
2026-05-12 09:51:28 - transpoly - INFO - ============================================================
2026-05-12 09:51:28 - transpoly - INFO - Checkpoint found: /data/srinivab/transpoly/examples/pah_example_run/04_solvation/system.gro
2026-05-12 09:51:28 - transpoly - INFO - Skipping: Convert packed PDB to GRO (checkpoint exists)
2026-05-12 09:51:28 - transpoly - INFO - Adding ions: K+ (10), Cl- (15)
2026-05-12 09:51:28 - transpoly - INFO - Checkpoint found: /data/srinivab/transpoly/examples/pah_example_run/04_solvation/system_k.gro
2026-05-12 09:51:28 - transpoly - INFO - Skipping: Add K+ ions (checkpoint exists)
2026-05-12 09:51:28 - transpoly - INFO - Checkpoint found: /data/srinivab/transpoly/examples/pah_example_run/04_solvation/system_kcl.gro
2026-05-12 09:51:28 - transpoly - INFO - Skipping: Add Cl- ions (checkpoint exists)
2026-05-12 09:51:28 - transpoly - INFO - Created ionized topology: /data/srinivab/transpoly/examples/pah_example_run/04_solvation/topol_ions.top
2026-05-12 09:51:28 - transpoly - INFO - Checkpoint found: /data/srinivab/transpoly/examples/pah_example_run/04_solvation/solvated.gro
2026-05-12 09:51:28 - transpoly - INFO - Skipping: Solvate with TIP4P (checkpoint exists)
2026-05-12 09:51:28 - transpoly - INFO - Updated topology with SOL 686
2026-05-12 09:51:28 - transpoly - INFO - Solvation complete
2026-05-12 09:51:28 - transpoly - INFO - 
[5/6] Equilibration
2026-05-12 09:51:28 - transpoly - INFO - ============================================================
2026-05-12 09:51:28 - transpoly - INFO - EQUILIBRATION STAGE
2026-05-12 09:51:28 - transpoly - INFO - ============================================================
2026-05-12 09:51:28 - transpoly - INFO - Checkpoint found: /data/srinivab/transpoly/examples/pah_example_run/05_equilibration/em_sd.gro
2026-05-12 09:51:28 - transpoly - INFO - Skipping: Steepest descent minimization (checkpoint exists)
2026-05-12 09:51:28 - transpoly - INFO - Checkpoint found: /data/srinivab/transpoly/examples/pah_example_run/05_equilibration/em_cg.gro
2026-05-12 09:51:28 - transpoly - INFO - Skipping: Conjugate gradient minimization (checkpoint exists)
2026-05-12 09:51:28 - transpoly - INFO - Checkpoint found: /data/srinivab/transpoly/examples/pah_example_run/05_equilibration/nvt_berendsen.gro
2026-05-12 09:51:28 - transpoly - INFO - Skipping: NVT Berendsen equilibration (checkpoint exists)
2026-05-12 09:51:28 - transpoly - INFO - Checkpoint found: /data/srinivab/transpoly/examples/pah_example_run/05_equilibration/nvt_vrescale.gro
2026-05-12 09:51:28 - transpoly - INFO - Skipping: NVT v-rescale equilibration (checkpoint exists)
2026-05-12 09:51:28 - transpoly - INFO - Checkpoint found: /data/srinivab/transpoly/examples/pah_example_run/05_equilibration/npt_berendsen.gro
2026-05-12 09:51:28 - transpoly - INFO - Skipping: NPT Berendsen equilibration (checkpoint exists)
2026-05-12 09:51:28 - transpoly - INFO - Checkpoint found: /data/srinivab/transpoly/examples/pah_example_run/05_equilibration/npt_crescale.gro
2026-05-12 09:51:28 - transpoly - INFO - Skipping: NPT C-rescale equilibration (checkpoint exists)
2026-05-12 09:51:28 - transpoly - INFO - Running: Extract density
2026-05-12 09:51:28 - transpoly - DEBUG - Command: printf 'Density\n0\n' | gmx_mpi energy -f npt_crescale.edr -o npt_density.xvg
2026-05-12 09:51:28 - transpoly - DEBUG - CWD: /data/srinivab/transpoly/examples/pah_example_run/05_equilibration

GROMACS reminds you: "I do not believe continuum electrostatics" (Arieh Warshel, Nobel lecture 2013)


2026-05-12 09:51:30 - transpoly - INFO - Final density: 1059.92 kg/m³
2026-05-12 09:51:30 - transpoly - INFO - Equilibration complete: /data/srinivab/transpoly/examples/pah_example_run/05_equilibration/npt_crescale.gro
2026-05-12 09:51:30 - transpoly - INFO - 
[6/6] Production MD
2026-05-12 09:51:30 - transpoly - INFO - ============================================================
2026-05-12 09:51:30 - transpoly - INFO - PRODUCTION MD STAGE (10 ns NVT)
2026-05-12 09:51:30 - transpoly - INFO - ============================================================
2026-05-12 09:51:30 - transpoly - INFO - Checkpoint found: /data/srinivab/transpoly/examples/pah_example_run/06_production/nvt_prod.gro
2026-05-12 09:51:30 - transpoly - INFO - Skipping: 10 ns NVT production (checkpoint exists)
2026-05-12 09:51:30 - transpoly - INFO - Production complete: /data/srinivab/transpoly/examples/pah_example_run/06_production/nvt_prod.gro
2026-05-12 09:51:30 - transpoly - INFO - 
[7/7] Analysis
2026-05-12 09:51:30 - transpoly - INFO - ============================================================
2026-05-12 09:51:30 - transpoly - INFO - ANALYSIS STAGE
2026-05-12 09:51:30 - transpoly - INFO - ============================================================
2026-05-12 09:51:33 - transpoly - INFO - Running: Center trajectory on polymer
2026-05-12 09:51:33 - transpoly - INFO -   Command: printf 'Protein
System
' | gmx_mpi trjconv -f nvt_prod.xtc -s nvt_prod.tpr -center -o nvt_prod_center.xtc -pbc none
2026-05-12 09:51:34 - transpoly - WARNING -   Warning: Command returned exit code 1
2026-05-12 09:51:34 - transpoly - WARNING -   stderr: --------------------------------------------------------------------------
2026-05-12 09:51:34 - transpoly - WARNING - Could not center trajectory; continuing anyway
2026-05-12 09:51:34 - transpoly - INFO - Trajectory cleaning complete
2026-05-12 09:51:34 - transpoly - INFO - Using trajectory for MSD: nvt_prod_clean.xtc
2026-05-12 09:51:34 - transpoly - INFO -   Loaded MSD: 1001 time points for K+
2026-05-12 09:51:34 - transpoly - INFO -   Loaded MSD: 1001 time points for Cl+
2026-05-12 09:51:34 - transpoly - INFO - MSD linear fit: slope=0.0002, R²=0.8428
2026-05-12 09:51:34 - transpoly - INFO - Diffusivity from MSD: 4.0185e-05 nm²/ps
2026-05-12 09:51:34 - transpoly - INFO - MSD linear fit: slope=0.0002, R²=0.9327
2026-05-12 09:51:34 - transpoly - INFO - Diffusivity from MSD: 2.9392e-05 nm²/ps
2026-05-12 09:51:35 - transpoly - INFO - Saved: msd_ions.png
2026-05-12 09:51:35 - transpoly - INFO -   Loaded RDF: 149 distance points for K-Water
2026-05-12 09:51:35 - transpoly - INFO -   Loaded RDF: 149 distance points for Cl-Water
2026-05-12 09:51:35 - transpoly - INFO - Saved: rdf_ions.png
2026-05-12 09:51:35 - transpoly - INFO - Wrote diffusivity summary: /data/srinivab/transpoly/examples/pah_example_run/07_analysis/diffusivity_summary.txt
2026-05-12 09:51:35 - transpoly - INFO - Analysis complete
2026-05-12 09:51:35 - transpoly - INFO - 
======================================================================
2026-05-12 09:51:35 - transpoly - INFO - PIPELINE COMPLETED SUCCESSFULLY
2026-05-12 09:51:35 - transpoly - INFO - ======================================================================
2026-05-12 09:51:35 - transpoly - INFO - Results in: /data/srinivab/transpoly/examples/pah_example_run
2026-05-12 09:53:43 - transpoly - INFO - TranspolyPipeline initialized
2026-05-12 09:53:43 - transpoly - INFO - Output directory: /data/srinivab/transpoly/examples/pah_example_run
2026-05-12 09:53:43 - transpoly - INFO - ======================================================================
2026-05-12 09:53:43 - transpoly - INFO -  TRANSPOLY: POLYMER/SALT MD SIMULATION PIPELINE
2026-05-12 09:53:43 - transpoly - INFO - ======================================================================
2026-05-12 09:53:43 - transpoly - INFO - 
[1/6] Parameterization
2026-05-12 09:53:43 - transpoly - INFO - ============================================================
2026-05-12 09:53:43 - transpoly - INFO - PARAMETERIZATION STAGE
2026-05-12 09:53:43 - transpoly - INFO - ============================================================
2026-05-12 09:53:43 - transpoly - INFO - Checkpoint found: /data/srinivab/transpoly/examples/pah_example_run/01_parameterization/pahga_half_gaff2.mol2
2026-05-12 09:53:43 - transpoly - INFO - Skipping: GAFF2 parameterization (checkpoint exists)
2026-05-12 09:53:43 - transpoly - INFO - Checkpoint found: /data/srinivab/transpoly/examples/pah_example_run/01_parameterization/pahga_half.prmtop
2026-05-12 09:53:43 - transpoly - INFO - Skipping: tleap topology building (checkpoint exists)
2026-05-12 09:53:43 - transpoly - INFO - Running: acpype (Amber→GROMACS conversion)
2026-05-12 09:53:43 - transpoly - DEBUG - Command: acpype -p pahga_half.prmtop -x pahga_half.inpcrd -b pahga_half
2026-05-12 09:53:43 - transpoly - DEBUG - CWD: /data/srinivab/transpoly/examples/pah_example_run/01_parameterization
2026-05-12 09:53:43 - transpoly - DEBUG - STDOUT:
============================================================================
| ACPYPE: AnteChamber PYthon Parser interfacE v. 2023.10.27 (c) 2026 AWSdS |
============================================================================
Converting Amber input files to Gromacs ...
==> Writing GROMACS files

==> Disambiguating lower and uppercase atomtypes in GMX top file, even if identical.

==> Writing GMX dihedrals for GMX 4.5 and higher.

Total time of execution: less than a second

2026-05-12 09:53:43 - transpoly - INFO - Parameterization complete:
2026-05-12 09:53:43 - transpoly - INFO -   Coordinates: /data/srinivab/transpoly/examples/pah_example_run/01_parameterization/pahga_half.amb2gmx/pahga_half_GMX.gro
2026-05-12 09:53:43 - transpoly - INFO -   Topology ITP: /data/srinivab/transpoly/examples/pah_example_run/01_parameterization/pahga_half.amb2gmx/pahga_half_GMX.itp
2026-05-12 09:53:43 - transpoly - INFO -   Topology TOP: /data/srinivab/transpoly/examples/pah_example_run/01_parameterization/pahga_half.amb2gmx/pahga_half_GMX.top
2026-05-12 09:53:43 - transpoly - WARNING - Could not infer residue name; using default 'POL'
2026-05-12 09:53:43 - transpoly - INFO - 
[2/6] Packing
2026-05-12 09:53:43 - transpoly - INFO - ============================================================
2026-05-12 09:53:43 - transpoly - INFO - PACKING STAGE
2026-05-12 09:53:43 - transpoly - INFO - ============================================================
2026-05-12 09:53:43 - transpoly - INFO - Using specified chain count: 50
2026-05-12 09:53:43 - transpoly - INFO - Checkpoint found: /data/srinivab/transpoly/examples/pah_example_run/02_packing/packed_box.pdb
2026-05-12 09:53:43 - transpoly - INFO - Skipping: Packmol packing (50 chains) (checkpoint exists)
2026-05-12 09:53:43 - transpoly - INFO - Packing complete: /data/srinivab/transpoly/examples/pah_example_run/02_packing/packed_box.pdb
2026-05-12 09:53:43 - transpoly - INFO - 
[3/6] GROMACS Preparation
2026-05-12 09:53:43 - transpoly - INFO - ============================================================
2026-05-12 09:53:43 - transpoly - INFO - GROMACS PREPARATION STAGE
2026-05-12 09:53:43 - transpoly - INFO - ============================================================
2026-05-12 09:53:43 - transpoly - INFO - Checkpoint found: /data/srinivab/transpoly/examples/pah_example_run/03_gromacs_prep/em_sd.mdp
2026-05-12 09:53:43 - transpoly - INFO - Skipping: Generate MDP files (checkpoint exists)
2026-05-12 09:53:43 - transpoly - INFO - Checkpoint found: /data/srinivab/transpoly/examples/pah_example_run/03_gromacs_prep/POLY.itp
2026-05-12 09:53:43 - transpoly - INFO - Skipping: Create polymer ITP with posre (checkpoint exists)
2026-05-12 09:53:43 - transpoly - INFO - GROMACS prep complete
2026-05-12 09:53:43 - transpoly - INFO - 
[4/6] Solvation & Ionization
2026-05-12 09:53:43 - transpoly - INFO - ============================================================
2026-05-12 09:53:43 - transpoly - INFO - SOLVATION & IONIZATION STAGE
2026-05-12 09:53:43 - transpoly - INFO - ============================================================
2026-05-12 09:53:43 - transpoly - INFO - Checkpoint found: /data/srinivab/transpoly/examples/pah_example_run/04_solvation/system.gro
2026-05-12 09:53:43 - transpoly - INFO - Skipping: Convert packed PDB to GRO (checkpoint exists)
2026-05-12 09:53:43 - transpoly - INFO - Adding ions: K+ (10), Cl- (15)
2026-05-12 09:53:43 - transpoly - INFO - Checkpoint found: /data/srinivab/transpoly/examples/pah_example_run/04_solvation/system_k.gro
2026-05-12 09:53:43 - transpoly - INFO - Skipping: Add K+ ions (checkpoint exists)
2026-05-12 09:53:43 - transpoly - INFO - Checkpoint found: /data/srinivab/transpoly/examples/pah_example_run/04_solvation/system_kcl.gro
2026-05-12 09:53:43 - transpoly - INFO - Skipping: Add Cl- ions (checkpoint exists)
2026-05-12 09:53:43 - transpoly - INFO - Created ionized topology: /data/srinivab/transpoly/examples/pah_example_run/04_solvation/topol_ions.top
2026-05-12 09:53:43 - transpoly - INFO - Checkpoint found: /data/srinivab/transpoly/examples/pah_example_run/04_solvation/solvated.gro
2026-05-12 09:53:43 - transpoly - INFO - Skipping: Solvate with TIP4P (checkpoint exists)
2026-05-12 09:53:43 - transpoly - INFO - Updated topology with SOL 686
2026-05-12 09:53:43 - transpoly - INFO - Solvation complete
2026-05-12 09:53:43 - transpoly - INFO - 
[5/6] Equilibration
2026-05-12 09:53:43 - transpoly - INFO - ============================================================
2026-05-12 09:53:43 - transpoly - INFO - EQUILIBRATION STAGE
2026-05-12 09:53:43 - transpoly - INFO - ============================================================
2026-05-12 09:53:43 - transpoly - INFO - Checkpoint found: /data/srinivab/transpoly/examples/pah_example_run/05_equilibration/em_sd.gro
2026-05-12 09:53:43 - transpoly - INFO - Skipping: Steepest descent minimization (checkpoint exists)
2026-05-12 09:53:43 - transpoly - INFO - Checkpoint found: /data/srinivab/transpoly/examples/pah_example_run/05_equilibration/em_cg.gro
2026-05-12 09:53:43 - transpoly - INFO - Skipping: Conjugate gradient minimization (checkpoint exists)
2026-05-12 09:53:43 - transpoly - INFO - Checkpoint found: /data/srinivab/transpoly/examples/pah_example_run/05_equilibration/nvt_berendsen.gro
2026-05-12 09:53:43 - transpoly - INFO - Skipping: NVT Berendsen equilibration (checkpoint exists)
2026-05-12 09:53:43 - transpoly - INFO - Checkpoint found: /data/srinivab/transpoly/examples/pah_example_run/05_equilibration/nvt_vrescale.gro
2026-05-12 09:53:43 - transpoly - INFO - Skipping: NVT v-rescale equilibration (checkpoint exists)
2026-05-12 09:53:43 - transpoly - INFO - Checkpoint found: /data/srinivab/transpoly/examples/pah_example_run/05_equilibration/npt_berendsen.gro
2026-05-12 09:53:43 - transpoly - INFO - Skipping: NPT Berendsen equilibration (checkpoint exists)
2026-05-12 09:53:43 - transpoly - INFO - Checkpoint found: /data/srinivab/transpoly/examples/pah_example_run/05_equilibration/npt_crescale.gro
2026-05-12 09:53:43 - transpoly - INFO - Skipping: NPT C-rescale equilibration (checkpoint exists)
2026-05-12 09:53:43 - transpoly - INFO - Running: Extract density
2026-05-12 09:53:43 - transpoly - DEBUG - Command: printf 'Density\n0\n' | gmx_mpi energy -f npt_crescale.edr -o npt_density.xvg
2026-05-12 09:53:43 - transpoly - DEBUG - CWD: /data/srinivab/transpoly/examples/pah_example_run/05_equilibration
2026-05-12 09:53:45 - transpoly - DEBUG - STDOUT:

Statistics over 500001 steps [ 0.0000 through 500.0000 ps ], 1 data sets
All statistics are over 5001 points

Energy                      Average   Err.Est.       RMSD  Tot-Drift
-------------------------------------------------------------------------------
Density                     1058.88       0.35    3.78135    -1.5016  (kg/m^3)

2026-05-12 09:53:45 - transpoly - DEBUG - STDERR:
                :-) GROMACS - gmx energy, 2025.4-conda_forge (-:

Executable:   /data/srinivab/miniconda/envs/ambertools/bin.AVX2_256/gmx_mpi
Data prefix:  /data/srinivab/miniconda/envs/ambertools
Working dir:  /data/srinivab/transpoly/examples/pah_example_run/05_equilibration
Command line:
  gmx_mpi energy -f npt_crescale.edr -o npt_density.xvg

Opened npt_crescale.edr as single precision energy file

Select the terms you want from the following list by
selecting either (part of) the name or the number or a combination.
End your selection with an empty line or a zero.
-------------------------------------------------------------------
  1  Bond             2  Angle            3  Proper-Dih.      4  Per.-Imp.-Dih.
  5  LJ-14            6  Coulomb-14       7  LJ-(SR)          8  Disper.-corr. 
  9  Coulomb-(SR)    10  Coul.-recip.    11  Potential       12  Kinetic-En.   
 13  Total-Energy    14  Conserved-En.   15  Temperature     16  Pres.-DC      
 17  Pressure        18  Constr.-rmsd    19  Box-X           20  Box-Y         
 21  Box-Z           22  Volume          23  Density         24  pV            
 25  Enthalpy        26  Vir-XX          27  Vir-XY          28  Vir-XZ        
 29  Vir-YX          30  Vir-YY          31  Vir-YZ          32  Vir-ZX        
 33  Vir-ZY          34  Vir-ZZ          35  Pres-XX         36  Pres-XY       
 37  Pres-XZ         38  Pres-YX         39  Pres-YY         40  Pres-YZ       
 41  Pres-ZX         42  Pres-ZY         43  Pres-ZZ         44  #Surf*SurfTen 
 45  T-System        46  Lamb-System   


Back Off! I just backed up npt_density.xvg to ./#npt_density.xvg.7#

Reading energy frame      0 time    0.000         
Reading energy frame      1 time    0.500         
Reading energy frame      2 time    1.000         
Reading energy frame      3 time    1.500         
Reading energy frame      4 time    2.000         
Reading energy frame      5 time    2.500         
Reading energy frame      6 time    3.000         
Reading energy frame      7 time    3.500         
Reading energy frame      8 time    4.000         
Reading energy frame      9 time    4.500         
Reading energy frame     10 time    5.000         
Reading energy frame     11 time    5.500         
Reading energy frame     12 time    6.000         
Reading energy frame     13 time    6.500         
Reading energy frame     14 time    7.000         
Reading energy frame     15 time    7.500         
Reading energy frame     16 time    8.000         
Reading energy frame     17 time    8.500         
Reading energy frame     18 time    9.000         
Reading energy frame     19 time    9.500         
Reading energy frame     20 time   10.000         
Reading energy frame     30 time   15.000         
Reading energy frame     40 time   20.000         
Reading energy frame     50 time   25.000         
Reading energy frame     60 time   30.000         
Reading energy frame     70 time   35.000         
Reading energy frame     80 time   40.000         
Reading energy frame     90 time   45.000         
Reading energy frame    100 time   50.000         
Reading energy frame    110 time   55.000         
Reading energy frame    120 time   60.000         
Reading energy frame    130 time   65.000         
Reading energy frame    140 time   70.000         
Reading energy frame    150 time   75.000         
Reading energy frame    160 time   80.000         
Reading energy frame    170 time   85.000         
Reading energy frame    180 time   90.000         
Reading energy frame    190 time   95.000         
Reading energy frame    200 time  100.000         
Reading energy frame    300 time  150.000         
Reading energy frame    400 time  200.000         
Reading energy frame    500 time  250.000         
Reading energy frame    600 time  300.000         
Reading energy frame    700 time  350.000         
Reading energy frame    800 time  400.000         
Reading energy frame    900 time  450.000         
Reading energy frame   1000 time  500.000         
Last energy frame read 1000 time  500.000         

GROMACS reminds you: "The greatest shortcoming of the human race is our inability to understand the exponential function." (Albert Bartlett)


2026-05-12 09:53:45 - transpoly - INFO - Final density: 1059.92 kg/m³
2026-05-12 09:53:45 - transpoly - INFO - Equilibration complete: /data/srinivab/transpoly/examples/pah_example_run/05_equilibration/npt_crescale.gro
2026-05-12 09:53:45 - transpoly - INFO - 
[6/6] Production MD
2026-05-12 09:53:45 - transpoly - INFO - ============================================================
2026-05-12 09:53:45 - transpoly - INFO - PRODUCTION MD STAGE (10 ns NVT)
2026-05-12 09:53:45 - transpoly - INFO - ============================================================
2026-05-12 09:53:45 - transpoly - INFO - Checkpoint found: /data/srinivab/transpoly/examples/pah_example_run/06_production/nvt_prod.gro
2026-05-12 09:53:45 - transpoly - INFO - Skipping: 10 ns NVT production (checkpoint exists)
2026-05-12 09:53:45 - transpoly - INFO - Production complete: /data/srinivab/transpoly/examples/pah_example_run/06_production/nvt_prod.gro
2026-05-12 09:53:45 - transpoly - INFO - 
[7/7] Analysis
2026-05-12 09:53:45 - transpoly - INFO - ============================================================
2026-05-12 09:53:45 - transpoly - INFO - ANALYSIS STAGE
2026-05-12 09:53:45 - transpoly - INFO - ============================================================
2026-05-12 09:53:47 - transpoly - INFO - Extracted Coulomb-(SR) to /data/srinivab/transpoly/examples/pah_example_run/07_analysis/prod_coul_sr.xvg
2026-05-12 09:53:48 - transpoly - INFO - Extracted LJ-(SR) to /data/srinivab/transpoly/examples/pah_example_run/07_analysis/prod_lj_sr.xvg
2026-05-12 09:53:48 - transpoly - INFO - Energy plot saved: /data/srinivab/transpoly/examples/pah_example_run/07_analysis/coul_sr.png
2026-05-12 09:53:49 - transpoly - INFO - Energy plot saved: /data/srinivab/transpoly/examples/pah_example_run/07_analysis/lj_sr.png
2026-05-12 09:53:49 - transpoly - INFO - Running: Center trajectory on polymer
2026-05-12 09:53:50 - transpoly - INFO - Trajectory cleaning complete
2026-05-12 09:53:50 - transpoly - INFO - Using trajectory for MSD: nvt_prod_clean.xtc
2026-05-12 09:53:50 - transpoly - INFO -   Loaded MSD: 1001 time points for K+
2026-05-12 09:53:50 - transpoly - INFO -   Loaded MSD: 1001 time points for Cl+
2026-05-12 09:53:50 - transpoly - INFO - MSD linear fit: slope=0.0002, R²=0.8428
2026-05-12 09:53:50 - transpoly - INFO - Diffusivity from MSD: 4.0185e-05 nm²/ps
2026-05-12 09:53:50 - transpoly - INFO - MSD linear fit: slope=0.0002, R²=0.9327
2026-05-12 09:53:50 - transpoly - INFO - Diffusivity from MSD: 2.9392e-05 nm²/ps
2026-05-12 09:53:50 - transpoly - INFO - Saved: msd_ions.png
2026-05-12 09:53:50 - transpoly - INFO -   Loaded RDF: 149 distance points for K-Water
2026-05-12 09:53:50 - transpoly - INFO -   Loaded RDF: 149 distance points for Cl-Water
2026-05-12 09:53:50 - transpoly - INFO - Saved: rdf_ions.png
2026-05-12 09:53:50 - transpoly - INFO - Wrote diffusivity summary: /data/srinivab/transpoly/examples/pah_example_run/07_analysis/diffusivity_summary.txt
2026-05-12 09:53:50 - transpoly - INFO - Analysis complete
2026-05-12 09:53:50 - transpoly - INFO - 
======================================================================
2026-05-12 09:53:50 - transpoly - INFO - PIPELINE COMPLETED SUCCESSFULLY
2026-05-12 09:53:50 - transpoly - INFO - ======================================================================
2026-05-12 09:53:50 - transpoly - INFO - Results in: /data/srinivab/transpoly/examples/pah_example_run
