============================================================================
| ACPYPE: AnteChamber PYthon Parser interfacE v. 2023.10.27 (c) 2026 AWSdS |
============================================================================
DEBUG: CLI: -p pahga_half.prmtop -x pahga_half.inpcrd -b pahga_half
DEBUG: Python Version 3.12.13 | packaged by conda-forge | (main, Mar 5 2026, 16:50:00) [GCC 14.3.0]
Converting Amber input files to Gromacs ...
DEBUG: prmtop and inpcrd files loaded
DEBUG: basename defined = 'pahga_half'
DEBUG: getCoords done
DEBUG: getABCOEFs done
DEBUG: charge to be balanced: total 0.0009999864
DEBUG: balanceCharges done
DEBUG: Balanced TotalCharge -0.0000000000
DEBUG: PBC = None
DEBUG: getAtoms done
DEBUG: getBonds done
DEBUG: getAngles done
DEBUG: getDihedrals done
==> Writing GROMACS files

==> Disambiguating lower and uppercase atomtypes in GMX top file, even if identical.

DEBUG: writing GRO file
DEBUG: Box size estimated
DEBUG: writing POSRE file
DEBUG: atomTypes 9
DEBUG: GMX atomtypes done
DEBUG: atoms 143
DEBUG: GMX atoms done
DEBUG: bonds 145
DEBUG: GMX bonds done
DEBUG: atomPairs 417
DEBUG: GMX pairs done
DEBUG: angles 282
DEBUG: GMX angles done
DEBUG: setProperDihedralsCoef done
DEBUG: properDihedralsCoefRB 417
DEBUG: properDihedralsAlphaGamma 0
DEBUG: properDihedralsGmx45 429
==> Writing GMX dihedrals for GMX 4.5 and higher.

DEBUG: GMX special proper dihedrals done
DEBUG: improperDihedrals 6
DEBUG: GMX improper dihedrals done
DEBUG: prmtop and inpcrd files parsed
Total time of execution: less than a second
DEBUG: No tmp folder left to be removed
